  [1m[36m (1.4ms)[0m  [1mCREATE TABLE "schema_migrations" ("version" varchar NOT NULL) [0m
  [1m[35m (0.0ms)[0m  select sqlite_version(*)
  [1m[36m (1.0ms)[0m  [1mCREATE UNIQUE INDEX "unique_schema_migrations" ON "schema_migrations" ("version")[0m
  [1m[35mActiveRecord::SchemaMigration Load (0.1ms)[0m  SELECT "schema_migrations".* FROM "schema_migrations"
Migrating to CreatePosts (20150721062510)
  [1m[36m (0.0ms)[0m  [1mbegin transaction[0m
  [1m[35m (0.3ms)[0m  CREATE TABLE "posts" ("id" INTEGER PRIMARY KEY AUTOINCREMENT NOT NULL, "name" varchar, "surname" varchar, "age" integer, "adres" text, "created_at" datetime NOT NULL, "updated_at" datetime NOT NULL) 
  [1m[36mSQL (0.1ms)[0m  [1mINSERT INTO "schema_migrations" ("version") VALUES (?)[0m  [["version", "20150721062510"]]
  [1m[35m (1.1ms)[0m  commit transaction
Migrating to CreateComments (20150721062634)
  [1m[36m (0.0ms)[0m  [1mbegin transaction[0m
  [1m[35m (0.2ms)[0m  CREATE TABLE "comments" ("id" INTEGER PRIMARY KEY AUTOINCREMENT NOT NULL, "OfficeBlogApp_id" integer, "name" varchar, "surname" varchar, "age" integer, "adres" varchar, "text" varchar, "created_at" datetime NOT NULL, "updated_at" datetime NOT NULL) 
  [1m[36mSQL (0.1ms)[0m  [1mINSERT INTO "schema_migrations" ("version") VALUES (?)[0m  [["version", "20150721062634"]]
  [1m[35m (21.8ms)[0m  commit transaction
  [1m[36mActiveRecord::SchemaMigration Load (0.1ms)[0m  [1mSELECT "schema_migrations".* FROM "schema_migrations"[0m


Started GET "/" for ::1 at 2015-07-21 09:44:18 +0300
  [1m[36mActiveRecord::SchemaMigration Load (0.1ms)[0m  [1mSELECT "schema_migrations".* FROM "schema_migrations"[0m
Processing by Rails::WelcomeController#index as HTML
  Rendered /Users/turkan/.rvm/gems/ruby-2.2.2/gems/railties-4.2.1/lib/rails/templates/rails/welcome/index.html.erb (1.3ms)
Completed 200 OK in 44ms (Views: 28.1ms | ActiveRecord: 0.0ms)


Started GET "/posts" for ::1 at 2015-07-21 09:44:30 +0300
Processing by PostsController#index as HTML
  [1m[35mPost Load (0.1ms)[0m  SELECT "posts".* FROM "posts"
  Rendered posts/index.html.erb within layouts/application (1.6ms)
Completed 200 OK in 1248ms (Views: 1246.8ms | ActiveRecord: 0.2ms)


Started GET "/assets/posts.self-e3b0c44298fc1c149afbf4c8996fb92427ae41e4649b934ca495991b7852b855.css?body=1" for ::1 at 2015-07-21 09:44:32 +0300


Started GET "/assets/scaffolds.self-162e6ff9772116ae572f8dd99071ef4eef25d7fd4b6fd4649b59ea1407f7b17b.css?body=1" for ::1 at 2015-07-21 09:44:32 +0300


Started GET "/assets/application.self-e80e8f2318043e8af94dddc2adad5a4f09739a8ebb323b3ab31cd71d45fd9113.css?body=1" for ::1 at 2015-07-21 09:44:32 +0300


Started GET "/assets/posts.self-877aef30ae1b040ab8a3aba4e3e309a11d7f2612f44dde450b5c157aa5f95c05.js?body=1" for ::1 at 2015-07-21 09:44:32 +0300


Started GET "/assets/application.self-3b8dabdc891efe46b9a144b400ad69e37d7e5876bdc39dee783419a69d7ca819.js?body=1" for ::1 at 2015-07-21 09:44:32 +0300


Started GET "/posts/new" for ::1 at 2015-07-21 09:44:37 +0300
Processing by PostsController#new as HTML
  Rendered posts/_form.html.erb (41.6ms)
  Rendered posts/new.html.erb within layouts/application (67.3ms)
Completed 200 OK in 113ms (Views: 105.3ms | ActiveRecord: 0.2ms)


Started POST "/posts" for ::1 at 2015-07-21 09:44:59 +0300
Processing by PostsController#create as HTML
  Parameters: {"utf8"=>"✓", "authenticity_token"=>"Hid2IjebhOTC1jBHhOWTPBPuLiHaJvZRb3WQZPmTkSVoZ1A0EjvL/63hG7sQNOieAPVtzS57UX0kkFpwAB3WQg==", "post"=>{"name"=>"Türkan", "surname"=>"Zeytun", "age"=>"19", "adres"=>"ksdkosapd"}, "commit"=>"Create Post"}
  [1m[36m (0.1ms)[0m  [1mbegin transaction[0m
  [1m[35mSQL (0.3ms)[0m  INSERT INTO "posts" ("name", "surname", "age", "adres", "created_at", "updated_at") VALUES (?, ?, ?, ?, ?, ?)  [["name", "Türkan"], ["surname", "Zeytun"], ["age", 19], ["adres", "ksdkosapd"], ["created_at", "2015-07-21 06:44:59.213949"], ["updated_at", "2015-07-21 06:44:59.213949"]]
  [1m[36m (1.1ms)[0m  [1mcommit transaction[0m
Redirected to http://localhost:3000/posts/1
Completed 302 Found in 6ms (ActiveRecord: 1.5ms)


Started GET "/posts/1" for ::1 at 2015-07-21 09:44:59 +0300
Processing by PostsController#show as HTML
  Parameters: {"id"=>"1"}
  [1m[35mPost Load (0.2ms)[0m  SELECT  "posts".* FROM "posts" WHERE "posts"."id" = ? LIMIT 1  [["id", 1]]
  Rendered posts/show.html.erb within layouts/application (0.7ms)
Completed 200 OK in 46ms (Views: 31.6ms | ActiveRecord: 0.2ms)


Started GET "/posts/1/edit" for ::1 at 2015-07-21 09:45:04 +0300
Processing by PostsController#edit as HTML
  Parameters: {"id"=>"1"}
  [1m[36mPost Load (0.1ms)[0m  [1mSELECT  "posts".* FROM "posts" WHERE "posts"."id" = ? LIMIT 1[0m  [["id", 1]]
  Rendered posts/_form.html.erb (2.0ms)
  Rendered posts/edit.html.erb within layouts/application (3.7ms)
Completed 200 OK in 35ms (Views: 34.1ms | ActiveRecord: 0.1ms)


Started PATCH "/posts/1" for ::1 at 2015-07-21 09:45:06 +0300
Processing by PostsController#update as HTML
  Parameters: {"utf8"=>"✓", "authenticity_token"=>"VloBTuzYAiqCLrueeQ9z+SmJCdue+3lNYZxbJjZPc0QgGidYyXhNMe0ZkGLt3ghbOpJKN2qm3mEqeZEyz8E0Iw==", "post"=>{"name"=>"Türkan", "surname"=>"Zeytun", "age"=>"19", "adres"=>"ksdkosapd"}, "commit"=>"Update Post", "id"=>"1"}
  [1m[35mPost Load (0.1ms)[0m  SELECT  "posts".* FROM "posts" WHERE "posts"."id" = ? LIMIT 1  [["id", 1]]
  [1m[36m (0.0ms)[0m  [1mbegin transaction[0m
  [1m[35m (0.0ms)[0m  commit transaction
Redirected to http://localhost:3000/posts/1
Completed 302 Found in 3ms (ActiveRecord: 0.2ms)


Started GET "/posts/1" for ::1 at 2015-07-21 09:45:06 +0300
Processing by PostsController#show as HTML
  Parameters: {"id"=>"1"}
  [1m[36mPost Load (0.2ms)[0m  [1mSELECT  "posts".* FROM "posts" WHERE "posts"."id" = ? LIMIT 1[0m  [["id", 1]]
  Rendered posts/show.html.erb within layouts/application (0.3ms)
Completed 200 OK in 30ms (Views: 28.7ms | ActiveRecord: 0.2ms)


Started GET "/posts" for ::1 at 2015-07-21 09:45:07 +0300
Processing by PostsController#index as HTML
  [1m[35mPost Load (0.1ms)[0m  SELECT "posts".* FROM "posts"
  Rendered posts/index.html.erb within layouts/application (2.2ms)
Completed 200 OK in 43ms (Views: 41.7ms | ActiveRecord: 0.1ms)
